        -:    0:Source:dominion.c
        -:    0:Graph:dominion.gcno
        -:    0:Data:dominion.gcda
        -:    0:Runs:4
        -:    0:Programs:4
        -:    1:#include "dominion.h"
        -:    2:#include "dominion_helpers.h"
        -:    3:#include "rngs.h"
        -:    4:#include <stdio.h>
        -:    5:#include <math.h>
        -:    6:#include <stdlib.h>
        -:    7:
function compare called 5933524 returned 100% blocks executed 100%
  5933524:    8:int compare(const void* a, const void* b) {
  5933524:    9:  if (*(int*)a > *(int*)b)
branch  0 taken 24% (fallthrough)
branch  1 taken 76%
  1438388:   10:    return 1;
  4495136:   11:  if (*(int*)a < *(int*)b)
branch  0 taken 10% (fallthrough)
branch  1 taken 90%
   446066:   12:    return -1;
  4049070:   13:  return 0;
        -:   14:}
        -:   15:
function newGame called 0 returned 0% blocks executed 0%
    #####:   16:struct gameState* newGame() {
    #####:   17:  struct gameState* g = malloc(sizeof(struct gameState));
    #####:   18:  return g;
        -:   19:}
        -:   20:
function kingdomCards called 0 returned 0% blocks executed 0%
    #####:   21:int* kingdomCards(int k1, int k2, int k3, int k4, int k5, int k6, int k7,
        -:   22:		  int k8, int k9, int k10) {
    #####:   23:  int* k = malloc(10 * sizeof(int));
    #####:   24:  k[0] = k1;
    #####:   25:  k[1] = k2;
    #####:   26:  k[2] = k3;
    #####:   27:  k[3] = k4;
    #####:   28:  k[4] = k5;
    #####:   29:  k[5] = k6;
    #####:   30:  k[6] = k7;
    #####:   31:  k[7] = k8;
    #####:   32:  k[8] = k9;
    #####:   33:  k[9] = k10;
    #####:   34:  return k;
        -:   35:}
        -:   36:
function initializeGame called 36000 returned 100% blocks executed 97%
    36000:   37:int initializeGame(int numPlayers, int kingdomCards[10], int randomSeed,
        -:   38:		   struct gameState *state) {
        -:   39:
        -:   40:  int i;
        -:   41:  int j;
        -:   42:  int it;			
        -:   43:  //set up random number generator
    36000:   44:  SelectStream(1);
call    0 returned 100%
    36000:   45:  PutSeed((long)randomSeed);
call    0 returned 100%
        -:   46:  
        -:   47:  //check number of players
    36000:   48:  if (numPlayers > MAX_PLAYERS || numPlayers < 2)
branch  0 taken 40% (fallthrough)
branch  1 taken 60%
branch  2 taken 25% (fallthrough)
branch  3 taken 75%
        -:   49:    {
    25259:   50:      return -1;
        -:   51:    }
        -:   52:
        -:   53:  //set number of players
    10741:   54:  state->numPlayers = numPlayers;
        -:   55:
        -:   56:  //check selected kingdom cards are different
   118151:   57:  for (i = 0; i < 10; i++)
branch  0 taken 91%
branch  1 taken 9% (fallthrough)
        -:   58:    {
  1181510:   59:      for (j = 0; j < 10; j++)
branch  0 taken 91%
branch  1 taken 9% (fallthrough)
        -:   60:        {
  1074100:   61:	  if (j != i && kingdomCards[j] == kingdomCards[i])
branch  0 taken 90% (fallthrough)
branch  1 taken 10%
branch  2 taken 0% (fallthrough)
branch  3 taken 100%
        -:   62:	    {
    #####:   63:	      return -1;
        -:   64:	    }
        -:   65:        }
        -:   66:    }
        -:   67:
        -:   68:
        -:   69:  //initialize supply
        -:   70:  ///////////////////////////////
        -:   71:
        -:   72:  //set number of Curse cards
    10741:   73:  if (numPlayers == 2)
branch  0 taken 32% (fallthrough)
branch  1 taken 68%
        -:   74:    {
     3471:   75:      state->supplyCount[curse] = 10;
        -:   76:    }
     7270:   77:  else if (numPlayers == 3)
branch  0 taken 49% (fallthrough)
branch  1 taken 51%
        -:   78:    {
     3574:   79:      state->supplyCount[curse] = 20;
        -:   80:    }
        -:   81:  else
        -:   82:    {
     3696:   83:      state->supplyCount[curse] = 30;
        -:   84:    }
        -:   85:
        -:   86:  //set number of Victory cards
    10741:   87:  if (numPlayers == 2)
branch  0 taken 32% (fallthrough)
branch  1 taken 68%
        -:   88:    {
     3471:   89:      state->supplyCount[estate] = 8;
     3471:   90:      state->supplyCount[duchy] = 8;
     3471:   91:      state->supplyCount[province] = 8;
        -:   92:    }
        -:   93:  else
        -:   94:    {
     7270:   95:      state->supplyCount[estate] = 12;
     7270:   96:      state->supplyCount[duchy] = 12;
     7270:   97:      state->supplyCount[province] = 12;
        -:   98:    }
        -:   99:
        -:  100:  //set number of Treasure cards
    10741:  101:  state->supplyCount[copper] = 60 - (7 * numPlayers);
    10741:  102:  state->supplyCount[silver] = 40;
    10741:  103:  state->supplyCount[gold] = 30;
        -:  104:
        -:  105:  //set number of Kingdom cards
   225561:  106:  for (i = adventurer; i <= treasure_map; i++)       	//loop all cards
branch  0 taken 95%
branch  1 taken 5% (fallthrough)
        -:  107:    {
  1772265:  108:      for (j = 0; j < 10; j++)           		//loop chosen cards
branch  0 taken 94%
branch  1 taken 6% (fallthrough)
        -:  109:	{
  1664855:  110:	  if (kingdomCards[j] == i)
branch  0 taken 6% (fallthrough)
branch  1 taken 94%
        -:  111:	    {
        -:  112:	      //check if card is a 'Victory' Kingdom card
   107410:  113:	      if (kingdomCards[j] == great_hall || kingdomCards[j] == gardens)
branch  0 taken 90% (fallthrough)
branch  1 taken 10%
branch  2 taken 11% (fallthrough)
branch  3 taken 89%
        -:  114:		{
    42964:  115:		  if (numPlayers == 2){ 
branch  0 taken 32% (fallthrough)
branch  1 taken 68%
     6942:  116:		    state->supplyCount[i] = 8; 
        -:  117:		  }
    14540:  118:		  else{ state->supplyCount[i] = 12; }
        -:  119:		}
        -:  120:	      else
        -:  121:		{
    85928:  122:		  state->supplyCount[i] = 10;
        -:  123:		}
   107410:  124:	      break;
        -:  125:	    }
        -:  126:	  else    //card is not in the set choosen for the game
        -:  127:	    {
  1557445:  128:	      state->supplyCount[i] = -1;
        -:  129:	    }
        -:  130:	}
        -:  131:
        -:  132:    }
        -:  133:
        -:  134:  ////////////////////////
        -:  135:  //supply intilization complete
        -:  136:
        -:  137:  //set player decks
    43189:  138:  for (i = 0; i < numPlayers; i++)
branch  0 taken 75%
branch  1 taken 25% (fallthrough)
        -:  139:    {
    32448:  140:      state->deckCount[i] = 0;
   129792:  141:      for (j = 0; j < 3; j++)
branch  0 taken 75%
branch  1 taken 25% (fallthrough)
        -:  142:	{
    97344:  143:	  state->deck[i][j] = estate;
    97344:  144:	  state->deckCount[i]++;
        -:  145:	}
   259584:  146:      for (j = 3; j < 10; j++)
branch  0 taken 88%
branch  1 taken 13% (fallthrough)
        -:  147:	{
   227136:  148:	  state->deck[i][j] = copper;
   227136:  149:	  state->deckCount[i]++;		
        -:  150:	}
        -:  151:    }
        -:  152:
        -:  153:  //shuffle player decks
    43189:  154:  for (i = 0; i < numPlayers; i++)
branch  0 taken 75%
branch  1 taken 25% (fallthrough)
        -:  155:    {
    32448:  156:      if ( shuffle(i, state) < 0 )
call    0 returned 100%
branch  1 taken 0% (fallthrough)
branch  2 taken 100%
        -:  157:	{
    #####:  158:	  return -1;
        -:  159:	}
        -:  160:    }
        -:  161:
        -:  162:  //draw player hands
    43189:  163:  for (i = 0; i < numPlayers; i++)
branch  0 taken 75%
branch  1 taken 25% (fallthrough)
        -:  164:    {  
        -:  165:      //initialize hand size to zero
    32448:  166:      state->handCount[i] = 0;
    32448:  167:      state->discardCount[i] = 0;
        -:  168:      //draw 5 cards
        -:  169:      // for (j = 0; j < 5; j++)
        -:  170:      //	{
        -:  171:      //	  drawCard(i, state);
        -:  172:      //	}
        -:  173:    }
        -:  174:  
        -:  175:  //set embargo tokens to 0 for all supply piles
   300748:  176:  for (i = 0; i <= treasure_map; i++)
branch  0 taken 96%
branch  1 taken 4% (fallthrough)
        -:  177:    {
   290007:  178:      state->embargoTokens[i] = 0;
        -:  179:    }
        -:  180:
        -:  181:  //initialize first player's turn
    10741:  182:  state->outpostPlayed = 0;
    10741:  183:  state->phase = 0;
    10741:  184:  state->numActions = 1;
    10741:  185:  state->numBuys = 1;
    10741:  186:  state->playedCardCount = 0;
    10741:  187:  state->whoseTurn = 0;
    10741:  188:  state->handCount[state->whoseTurn] = 0;
        -:  189:  //int it; move to top
        -:  190:
        -:  191:  //Moved draw cards to here, only drawing at the start of a turn
    64446:  192:  for (it = 0; it < 5; it++){
branch  0 taken 83%
branch  1 taken 17% (fallthrough)
    53705:  193:    drawCard(state->whoseTurn, state);
call    0 returned 100%
        -:  194:  }
        -:  195:
    10741:  196:  updateCoins(state->whoseTurn, state, 0);
call    0 returned 100%
        -:  197:
    10741:  198:  return 0;
        -:  199:}
        -:  200:
function shuffle called 63751 returned 100% blocks executed 100%
    63751:  201:int shuffle(int player, struct gameState *state) {
        -:  202: 
        -:  203:
        -:  204:  int newDeck[MAX_DECK];
    63751:  205:  int newDeckPos = 0;
        -:  206:  int card;
        -:  207:  int i;
        -:  208:
    63751:  209:  if (state->deckCount[player] < 1)
branch  0 taken 2% (fallthrough)
branch  1 taken 98%
     1261:  210:    return -1;
    62490:  211:  qsort ((void*)(state->deck[player]), state->deckCount[player], sizeof(int), compare); 
call    0 returned 100%
        -:  212:  /* SORT CARDS IN DECK TO ENSURE DETERMINISM! */
        -:  213:
  1941328:  214:  while (state->deckCount[player] > 0) {
branch  0 taken 97%
branch  1 taken 3% (fallthrough)
  1816348:  215:    card = floor(Random() * state->deckCount[player]);
call    0 returned 100%
  1816348:  216:    newDeck[newDeckPos] = state->deck[player][card];
  1816348:  217:    newDeckPos++;
 24810491:  218:    for (i = card; i < state->deckCount[player]-1; i++) {
branch  0 taken 93%
branch  1 taken 7% (fallthrough)
 22994143:  219:      state->deck[player][i] = state->deck[player][i+1];
        -:  220:    }
  1816348:  221:    state->deckCount[player]--;
        -:  222:  }
  1878838:  223:  for (i = 0; i < newDeckPos; i++) {
branch  0 taken 97%
branch  1 taken 3% (fallthrough)
  1816348:  224:    state->deck[player][i] = newDeck[i];
  1816348:  225:    state->deckCount[player]++;
        -:  226:  }
        -:  227:
    62490:  228:  return 0;
        -:  229:}
        -:  230:
function playCard called 36000 returned 100% blocks executed 87%
    36000:  231:int playCard(int handPos, int choice1, int choice2, int choice3, struct gameState *state) 
        -:  232:{	
        -:  233:  int card;
    36000:  234:  int coin_bonus = 0; 		//tracks coins gain from actions
        -:  235:
        -:  236:  //check if it is the right phase
    36000:  237:  if (state->phase != 0)
branch  0 taken 0% (fallthrough)
branch  1 taken 100%
        -:  238:    {
    #####:  239:      return -1;
        -:  240:    }
        -:  241:	
        -:  242:  //check if player has enough actions
    36000:  243:  if ( state->numActions < 1 )
branch  0 taken 62% (fallthrough)
branch  1 taken 38%
        -:  244:    {
    22419:  245:      return -1;
        -:  246:    }
        -:  247:	
        -:  248:  //get card played
    13581:  249:  card = handCard(handPos, state);
call    0 returned 100%
        -:  250:	
        -:  251:  //check if selected card is an action
    13581:  252:  if ( card < adventurer || card > treasure_map )
branch  0 taken 99% (fallthrough)
branch  1 taken 1%
branch  2 taken 0% (fallthrough)
branch  3 taken 100%
        -:  253:    {
      125:  254:      return -1;
        -:  255:    }
        -:  256:	
        -:  257:  //play card
    13456:  258:  if ( cardEffect(card, choice1, choice2, choice3, state, handPos, &coin_bonus) < 0 )
call    0 returned 100%
branch  1 taken 0% (fallthrough)
branch  2 taken 100%
        -:  259:    {
    #####:  260:      return -1;
        -:  261:    }
        -:  262:	
        -:  263:  //reduce number of actions
    13456:  264:  state->numActions--;
        -:  265:
        -:  266:  //update coins (Treasure cards may be added with card draws)
    13456:  267:  updateCoins(state->whoseTurn, state, coin_bonus);
call    0 returned 100%
        -:  268:	
    13456:  269:  return 0;
        -:  270:}
        -:  271:
function buyCard called 53642 returned 100% blocks executed 86%
    53642:  272:int buyCard(int supplyPos, struct gameState *state) {
        -:  273:  int who;
        -:  274:  if (DEBUG){
        -:  275:    printf("Entering buyCard...\n");
        -:  276:  }
        -:  277:
        -:  278:  // I don't know what to do about the phase thing.
        -:  279:
    53642:  280:  who = state->whoseTurn;
        -:  281:
    53642:  282:  if (state->numBuys < 1){
branch  0 taken 0% (fallthrough)
branch  1 taken 100%
        -:  283:    if (DEBUG)
        -:  284:      printf("You do not have any buys left\n");
    #####:  285:    return -1;
    53642:  286:  } else if (supplyCount(supplyPos, state) <1){
call    0 returned 100%
branch  1 taken 1% (fallthrough)
branch  2 taken 99%
        -:  287:    if (DEBUG)
        -:  288:      printf("There are not any of that type of card left\n");
      125:  289:    return -1;
    53517:  290:  } else if (state->coins < getCost(supplyPos)){
call    0 returned 100%
branch  1 taken 0% (fallthrough)
branch  2 taken 100%
        -:  291:    if (DEBUG) 
        -:  292:      printf("You do not have enough money to buy that. You have %d coins.\n", state->coins);
    #####:  293:    return -1;
        -:  294:  } else {
    53517:  295:    state->phase=1;
        -:  296:    //state->supplyCount[supplyPos]--;
    53517:  297:    gainCard(supplyPos, state, 2, who); //card goes in discard, this might be wrong.. (2 means goes into hand, 0 goes into discard)
call    0 returned 100%
        -:  298:  
    53517:  299:    state->coins = (state->coins) - (getCost(supplyPos));
call    0 returned 100%
    53517:  300:    state->numBuys--;
        -:  301:    if (DEBUG)
        -:  302:      printf("You bought card number %d for %d coins. You now have %d buys and %d coins.\n", supplyPos, getCost(supplyPos), state->numBuys, state->coins);
        -:  303:  }
        -:  304:
        -:  305:  //state->discard[who][state->discardCount[who]] = supplyPos;
        -:  306:  //state->discardCount[who]++;
        -:  307:    
    53517:  308:  return 0;
        -:  309:}
        -:  310:
function numHandCards called 756829 returned 100% blocks executed 100%
   756829:  311:int numHandCards(struct gameState *state) {
   756829:  312:  return state->handCount[ whoseTurn(state) ];
call    0 returned 100%
        -:  313:}
        -:  314:
function handCard called 665771 returned 100% blocks executed 100%
   665771:  315:int handCard(int handPos, struct gameState *state) {
   665771:  316:  int currentPlayer = whoseTurn(state);
call    0 returned 100%
   665771:  317:  return state->hand[currentPlayer][handPos];
        -:  318:}
        -:  319:
function supplyCount called 341034 returned 100% blocks executed 100%
   341034:  320:int supplyCount(int card, struct gameState *state) {
   341034:  321:  return state->supplyCount[card];
        -:  322:}
        -:  323:
function fullDeckCount called 0 returned 0% blocks executed 0%
    #####:  324:int fullDeckCount(int player, int card, struct gameState *state) {
        -:  325:  int i;
    #####:  326:  int count = 0;
        -:  327:
    #####:  328:  for (i = 0; i < state->deckCount[player]; i++)
branch  0 never executed
branch  1 never executed
        -:  329:    {
    #####:  330:      if (state->deck[player][i] == card) count++;
branch  0 never executed
branch  1 never executed
        -:  331:    }
        -:  332:
    #####:  333:  for (i = 0; i < state->handCount[player]; i++)
branch  0 never executed
branch  1 never executed
        -:  334:    {
    #####:  335:      if (state->hand[player][i] == card) count++;
branch  0 never executed
branch  1 never executed
        -:  336:    }
        -:  337:
    #####:  338:  for (i = 0; i < state->discardCount[player]; i++)
branch  0 never executed
branch  1 never executed
        -:  339:    {
    #####:  340:      if (state->discard[player][i] == card) count++;
branch  0 never executed
branch  1 never executed
        -:  341:    }
        -:  342:
    #####:  343:  return count;
        -:  344:}
        -:  345:
function whoseTurn called 5537964 returned 100% blocks executed 100%
  5537964:  346:int whoseTurn(struct gameState *state) {
  5537964:  347:  return state->whoseTurn;
        -:  348:}
        -:  349:
function endTurn called 0 returned 0% blocks executed 0%
    #####:  350:int endTurn(struct gameState *state) {
        -:  351:  int k;
        -:  352:  int i;
    #####:  353:  int currentPlayer = whoseTurn(state);
call    0 never executed
        -:  354:  
        -:  355:  //Discard hand
    #####:  356:  for (i = 0; i < state->handCount[currentPlayer]; i++){
branch  0 never executed
branch  1 never executed
    #####:  357:    state->discard[currentPlayer][state->discardCount[currentPlayer]++] = state->hand[currentPlayer][i];//Discard
    #####:  358:    state->hand[currentPlayer][i] = -1;//Set card to -1
        -:  359:  }
    #####:  360:  state->handCount[currentPlayer] = 0;//Reset hand count
        -:  361:    
        -:  362:  //Code for determining the player
    #####:  363:  if (currentPlayer < (state->numPlayers - 1)){ 
branch  0 never executed
branch  1 never executed
    #####:  364:    state->whoseTurn = currentPlayer + 1;//Still safe to increment
        -:  365:  }
        -:  366:  else{
    #####:  367:    state->whoseTurn = 0;//Max player has been reached, loop back around to player 1
        -:  368:  }
        -:  369:
    #####:  370:  state->outpostPlayed = 0;
    #####:  371:  state->phase = 0;
    #####:  372:  state->numActions = 1;
    #####:  373:  state->coins = 0;
    #####:  374:  state->numBuys = 1;
    #####:  375:  state->playedCardCount = 0;
    #####:  376:  state->handCount[state->whoseTurn] = 0;
        -:  377:
        -:  378:  //int k; move to top
        -:  379:  //Next player draws hand
    #####:  380:  for (k = 0; k < 5; k++){
branch  0 never executed
branch  1 never executed
    #####:  381:    drawCard(state->whoseTurn, state);//Draw a card
call    0 never executed
        -:  382:  }
        -:  383:
        -:  384:  //Update money
    #####:  385:  updateCoins(state->whoseTurn, state , 0);
call    0 never executed
        -:  386:
    #####:  387:  return 0;
        -:  388:}
        -:  389:
function isGameOver called 0 returned 0% blocks executed 0%
    #####:  390:int isGameOver(struct gameState *state) {
        -:  391:  int i;
        -:  392:  int j;
        -:  393:	
        -:  394:  //if stack of Province cards is empty, the game ends
    #####:  395:  if (state->supplyCount[province] == 0)
branch  0 never executed
branch  1 never executed
        -:  396:    {
    #####:  397:      return 1;
        -:  398:    }
        -:  399:
        -:  400:  //if three supply pile are at 0, the game ends
    #####:  401:  j = 0;
    #####:  402:  for (i = 0; i < 25; i++)
branch  0 never executed
branch  1 never executed
        -:  403:    {
    #####:  404:      if (state->supplyCount[i] == 0)
branch  0 never executed
branch  1 never executed
        -:  405:	{
    #####:  406:	  j++;
        -:  407:	}
        -:  408:    }
    #####:  409:  if ( j >= 3)
branch  0 never executed
branch  1 never executed
        -:  410:    {
    #####:  411:      return 1;
        -:  412:    }
        -:  413:
    #####:  414:  return 0;
        -:  415:}
        -:  416:
function scoreFor called 0 returned 0% blocks executed 0%
    #####:  417:int scoreFor (int player, struct gameState *state) {
        -:  418:
        -:  419:  int i;
    #####:  420:  int score = 0;
        -:  421:  //score from hand
    #####:  422:  for (i = 0; i < state->handCount[player]; i++)
branch  0 never executed
branch  1 never executed
        -:  423:    {
    #####:  424:      if (state->hand[player][i] == curse) { score = score - 1; };
branch  0 never executed
branch  1 never executed
    #####:  425:      if (state->hand[player][i] == estate) { score = score + 1; };
branch  0 never executed
branch  1 never executed
    #####:  426:      if (state->hand[player][i] == duchy) { score = score + 3; };
branch  0 never executed
branch  1 never executed
    #####:  427:      if (state->hand[player][i] == province) { score = score + 6; };
branch  0 never executed
branch  1 never executed
    #####:  428:      if (state->hand[player][i] == great_hall) { score = score + 1; };
branch  0 never executed
branch  1 never executed
    #####:  429:      if (state->hand[player][i] == gardens) { score = score + ( fullDeckCount(player, 0, state) / 10 ); };
branch  0 never executed
branch  1 never executed
call    2 never executed
        -:  430:    }
        -:  431:
        -:  432:  //score from discard
    #####:  433:  for (i = 0; i < state->discardCount[player]; i++)
branch  0 never executed
branch  1 never executed
        -:  434:    {
    #####:  435:      if (state->discard[player][i] == curse) { score = score - 1; };
branch  0 never executed
branch  1 never executed
    #####:  436:      if (state->discard[player][i] == estate) { score = score + 1; };
branch  0 never executed
branch  1 never executed
    #####:  437:      if (state->discard[player][i] == duchy) { score = score + 3; };
branch  0 never executed
branch  1 never executed
    #####:  438:      if (state->discard[player][i] == province) { score = score + 6; };
branch  0 never executed
branch  1 never executed
    #####:  439:      if (state->discard[player][i] == great_hall) { score = score + 1; };
branch  0 never executed
branch  1 never executed
    #####:  440:      if (state->discard[player][i] == gardens) { score = score + ( fullDeckCount(player, 0, state) / 10 ); };
branch  0 never executed
branch  1 never executed
call    2 never executed
        -:  441:    }
        -:  442:
        -:  443:  //score from deck
    #####:  444:  for (i = 0; i < state->discardCount[player]; i++)
branch  0 never executed
branch  1 never executed
        -:  445:    {
    #####:  446:      if (state->deck[player][i] == curse) { score = score - 1; };
branch  0 never executed
branch  1 never executed
    #####:  447:      if (state->deck[player][i] == estate) { score = score + 1; };
branch  0 never executed
branch  1 never executed
    #####:  448:      if (state->deck[player][i] == duchy) { score = score + 3; };
branch  0 never executed
branch  1 never executed
    #####:  449:      if (state->deck[player][i] == province) { score = score + 6; };
branch  0 never executed
branch  1 never executed
    #####:  450:      if (state->deck[player][i] == great_hall) { score = score + 1; };
branch  0 never executed
branch  1 never executed
    #####:  451:      if (state->deck[player][i] == gardens) { score = score + ( fullDeckCount(player, 0, state) / 10 ); };
branch  0 never executed
branch  1 never executed
call    2 never executed
        -:  452:    }
        -:  453:
    #####:  454:  return score;
        -:  455:}
        -:  456:
function getWinners called 0 returned 0% blocks executed 0%
    #####:  457:int getWinners(int players[MAX_PLAYERS], struct gameState *state) {
        -:  458:  int i;	
        -:  459:  int j;
        -:  460:  int highScore;
        -:  461:  int currentPlayer;
        -:  462:
        -:  463:  //get score for each player
    #####:  464:  for (i = 0; i < MAX_PLAYERS; i++)
branch  0 never executed
branch  1 never executed
        -:  465:    {
        -:  466:      //set unused player scores to -9999
    #####:  467:      if (i >= state->numPlayers)
branch  0 never executed
branch  1 never executed
        -:  468:	{
    #####:  469:	  players[i] = -9999;
        -:  470:	}
        -:  471:      else
        -:  472:	{
    #####:  473:	  players[i] = scoreFor (i, state);
call    0 never executed
        -:  474:	}
        -:  475:    }
        -:  476:
        -:  477:  //find highest score
    #####:  478:  j = 0;
    #####:  479:  for (i = 0; i < MAX_PLAYERS; i++)
branch  0 never executed
branch  1 never executed
        -:  480:    {
    #####:  481:      if (players[i] > players[j])
branch  0 never executed
branch  1 never executed
        -:  482:	{
    #####:  483:	  j = i;
        -:  484:	}
        -:  485:    }
    #####:  486:  highScore = players[j];
        -:  487:
        -:  488:  //add 1 to players who had less turns
    #####:  489:  currentPlayer = whoseTurn(state);
call    0 never executed
    #####:  490:  for (i = 0; i < MAX_PLAYERS; i++)
branch  0 never executed
branch  1 never executed
        -:  491:    {
    #####:  492:      if ( players[i] == highScore && i > currentPlayer )
branch  0 never executed
branch  1 never executed
branch  2 never executed
branch  3 never executed
        -:  493:	{
    #####:  494:	  players[i]++;
        -:  495:	}
        -:  496:    }
        -:  497:
        -:  498:  //find new highest score
    #####:  499:  j = 0;
    #####:  500:  for (i = 0; i < MAX_PLAYERS; i++)
branch  0 never executed
branch  1 never executed
        -:  501:    {
    #####:  502:      if ( players[i] > players[j] )
branch  0 never executed
branch  1 never executed
        -:  503:	{
    #####:  504:	  j = i;
        -:  505:	}
        -:  506:    }
    #####:  507:  highScore = players[j];
        -:  508:
        -:  509:  //set winners in array to 1 and rest to 0
    #####:  510:  for (i = 0; i < MAX_PLAYERS; i++)
branch  0 never executed
branch  1 never executed
        -:  511:    {
    #####:  512:      if ( players[i] == highScore )
branch  0 never executed
branch  1 never executed
        -:  513:	{
    #####:  514:	  players[i] = 1;
        -:  515:	}
        -:  516:      else
        -:  517:	{
    #####:  518:	  players[i] = 0;
        -:  519:	}
        -:  520:    }
        -:  521:
    #####:  522:  return 0;
        -:  523:}
        -:  524:
function drawCard called 93687 returned 100% blocks executed 100%
    93687:  525:int drawCard(int player, struct gameState *state)
        -:  526:{	int count;
        -:  527:  int deckCounter;
    93687:  528:  if (state->deckCount[player] <= 0){//Deck is empty
branch  0 taken 1% (fallthrough)
branch  1 taken 99%
        -:  529:    
        -:  530:    //Step 1 Shuffle the discard pile back into a deck
        -:  531:    int i;
        -:  532:    //Move discard to deck
     3494:  533:    for (i = 0; i < state->discardCount[player];i++){
branch  0 taken 72%
branch  1 taken 28% (fallthrough)
     2523:  534:      state->deck[player][i] = state->discard[player][i];
     2523:  535:      state->discard[player][i] = -1;
        -:  536:    }
        -:  537:
      971:  538:    state->deckCount[player] = state->discardCount[player];
      971:  539:    state->discardCount[player] = 0;//Reset discard
        -:  540:
        -:  541:    //Shufffle the deck
      971:  542:    shuffle(player, state);//Shuffle the deck up and make it so that we can draw
call    0 returned 100%
        -:  543:   
        -:  544:    if (DEBUG){//Debug statements
        -:  545:      printf("Deck count now: %d\n", state->deckCount[player]);
        -:  546:    }
        -:  547:    
      971:  548:    state->discardCount[player] = 0;
        -:  549:
        -:  550:    //Step 2 Draw Card
      971:  551:    count = state->handCount[player];//Get current player's hand count
        -:  552:    
        -:  553:    if (DEBUG){//Debug statements
        -:  554:      printf("Current hand count: %d\n", count);
        -:  555:    }
        -:  556:    
      971:  557:    deckCounter = state->deckCount[player];//Create a holder for the deck count
        -:  558:
      971:  559:    if (deckCounter == 0)
branch  0 taken 66% (fallthrough)
branch  1 taken 34%
      639:  560:      return -1;
        -:  561:
      332:  562:    state->hand[player][count] = state->deck[player][deckCounter - 1];//Add card to hand
      332:  563:    state->deckCount[player]--;
      332:  564:    state->handCount[player]++;//Increment hand count
        -:  565:  }
        -:  566:
        -:  567:  else{
    92716:  568:    int count = state->handCount[player];//Get current hand count for player
        -:  569:    int deckCounter;
        -:  570:    if (DEBUG){//Debug statements
        -:  571:      printf("Current hand count: %d\n", count);
        -:  572:    }
        -:  573:
    92716:  574:    deckCounter = state->deckCount[player];//Create holder for the deck count
    92716:  575:    state->hand[player][count] = state->deck[player][deckCounter - 1];//Add card to the hand
    92716:  576:    state->deckCount[player]--;
    92716:  577:    state->handCount[player]++;//Increment hand count
        -:  578:  }
        -:  579:
    93048:  580:  return 0;
        -:  581:}
        -:  582:
function getCost called 212482 returned 100% blocks executed 17%
   212482:  583:int getCost(int cardNumber)
        -:  584:{
   212482:  585:  switch( cardNumber ) 
branch  0 taken 0%
branch  1 taken 0%
branch  2 taken 0%
branch  3 taken 0%
branch  4 taken 0%
branch  5 taken 0%
branch  6 taken 0%
branch  7 taken 28%
branch  8 taken 68%
branch  9 taken 0%
branch 10 taken 0%
branch 11 taken 0%
branch 12 taken 0%
branch 13 taken 0%
branch 14 taken 0%
branch 15 taken 0%
branch 16 taken 4%
branch 17 taken 0%
branch 18 taken 0%
branch 19 taken 0%
branch 20 taken 0%
branch 21 taken 0%
branch 22 taken 0%
branch 23 taken 0%
branch 24 taken 0%
branch 25 taken 0%
branch 26 taken 0%
branch 27 taken 0%
        -:  586:    {
        -:  587:    case curse:
    #####:  588:      return 0;
        -:  589:    case estate:
    #####:  590:      return 2;
        -:  591:    case duchy:
    #####:  592:      return 5;
        -:  593:    case province:
    #####:  594:      return 8;
        -:  595:    case copper:
    #####:  596:      return 0;
        -:  597:    case silver:
    #####:  598:      return 3;
        -:  599:    case gold:
    #####:  600:      return 6;
        -:  601:    case adventurer:
    60000:  602:      return 6;
        -:  603:    case council_room:
   144732:  604:      return 5;
        -:  605:    case feast:
    #####:  606:      return 4;
        -:  607:    case gardens:
    #####:  608:      return 4;
        -:  609:    case mine:
    #####:  610:      return 5;
        -:  611:    case remodel:
    #####:  612:      return 4;
        -:  613:    case smithy:
    #####:  614:      return 4;
        -:  615:    case village:
    #####:  616:      return 3;
        -:  617:    case baron:
    #####:  618:      return 4;
        -:  619:    case great_hall:
     7750:  620:      return 3;
        -:  621:    case minion:
    #####:  622:      return 5;
        -:  623:    case steward:
    #####:  624:      return 3;
        -:  625:    case tribute:
    #####:  626:      return 5;
        -:  627:    case ambassador:
    #####:  628:      return 3;
        -:  629:    case cutpurse:
    #####:  630:      return 4;
        -:  631:    case embargo: 
    #####:  632:      return 2;
        -:  633:    case outpost:
    #####:  634:      return 5;
        -:  635:    case salvager:
    #####:  636:      return 4;
        -:  637:    case sea_hag:
    #####:  638:      return 4;
        -:  639:    case treasure_map:
    #####:  640:      return 4;
        -:  641:    }
        -:  642:	
    #####:  643:  return -1;
        -:  644:}
        -:  645:
        -:  646:/****************************************************
        -:  647:Refactored code functions
        -:  648:****************************************************/
function adventurerCard called 8992 returned 100% blocks executed 100%
     8992:  649:void adventurerCard(int drawntreasure, int currentPlayer, struct gameState *state, int z, int *temphand)
        -:  650:{
        -:  651:
        -:  652:  //top card of hand is most recently drawn card.
        -:  653: 
        -:  654:
    49984:  655:  while(drawntreasure<2){
branch  0 taken 78%
branch  1 taken 22% (fallthrough)
    32000:  656:    if (state->deckCount[currentPlayer] <1){//if the deck is empty we need to shuffle discard and add to deck
branch  0 taken 1% (fallthrough)
branch  1 taken 99%
      332:  657:      shuffle(currentPlayer, state);
call    0 returned 100%
        -:  658:    }
    32000:  659:    drawCard(currentPlayer, state);
call    0 returned 100%
    32000:  660:    int cardDrawn = state->hand[currentPlayer][state->handCount[currentPlayer]-1];
    32000:  661:    if (cardDrawn == copper || cardDrawn == silver || cardDrawn == gold)
branch  0 taken 45% (fallthrough)
branch  1 taken 55%
branch  2 taken 99% (fallthrough)
branch  3 taken 1%
branch  4 taken 1% (fallthrough)
branch  5 taken 99%
    17984:  662:      drawntreasure++;
        -:  663:    else{
    14016:  664:      temphand[z]=cardDrawn;
    14016:  665:      state->handCount[currentPlayer]++; //this should just remove the top card (the most recently drawn one).
    14016:  666:      z++;                              //bug introduced: increment instead of decrement
        -:  667:    }
        -:  668:  }
    32000:  669:  while(z-1>=0){
branch  0 taken 61%
branch  1 taken 39% (fallthrough)
    14016:  670:    state->discard[currentPlayer][state->discardCount[currentPlayer]++]=temphand[z-1]; // discard all cards in play that have been drawn
    14016:  671:    z=z-1;
        -:  672:  }
     8992:  673:}
        -:  674:
        -:  675:
function smithyCard called 0 returned 0% blocks executed 0%
    #####:  676:void smithyCard(int currentPlayer, struct gameState *state, int handPos)
        -:  677:{
    #####:  678:      for (int i = 0; i == 3; i++)   //bug introduced: draws 4 times instead of 3
branch  0 never executed
branch  1 never executed
        -:  679:  {
    #####:  680:    drawCard(currentPlayer, state);
call    0 never executed
        -:  681:  }
        -:  682:      
        -:  683:      //discard card from hand
    #####:  684:      discardCard(handPos, currentPlayer, state, 0);
call    0 never executed
        -:  685:  
    #####:  686:}
        -:  687:
function council_roomCard called 589 returned 100% blocks executed 100%
      589:  688:void council_roomCard(int currentPlayer, struct gameState *state, int handPos)
        -:  689:{
     2945:  690:  for (int i = 0; i < 4; i++)
branch  0 taken 80%
branch  1 taken 20% (fallthrough)
        -:  691:  {
     2356:  692:    drawCard(currentPlayer, state);
call    0 returned 100%
        -:  693:  }
        -:  694:      
        -:  695:      //+1 Buy
      589:  696:      state->numBuys++;
        -:  697:      
        -:  698:      //Each other player draws a card
     2340:  699:  for (int i = 0; i < state->numPlayers; i++)
branch  0 taken 75%
branch  1 taken 25% (fallthrough)
        -:  700:  {
     1751:  701:        drawCard(i, state);     //bug introduced: no if statement to check for current player
call    0 returned 100%
        -:  702:  }
        -:  703:      
        -:  704:      //put played card in played card pile
      589:  705:      discardCard(handPos, currentPlayer, state, 0);
call    0 returned 100%
        -:  706:      
      589:  707:}
        -:  708:
function villageCard called 0 returned 0% blocks executed 0%
    #####:  709:void villageCard(int currentPlayer, struct gameState *state, int handPos)
        -:  710:{
        -:  711:      //+1 Card
    #####:  712:      drawCard(currentPlayer, state);
call    0 never executed
        -:  713:      
        -:  714:      //+2 Actions
    #####:  715:      state->numActions = state->numActions + 2;
        -:  716:      
        -:  717:      //discard played card from hand
    #####:  718:      discardCard(handPos, currentPlayer, state, 0);
call    0 never executed
    #####:  719:}
        -:  720:
function stewardCard called 0 returned 0% blocks executed 0%
    #####:  721:void stewardCard(int choice1, int choice2, int choice3, int currentPlayer, struct gameState *state, int handPos)
        -:  722:{
    #####:  723:        if (choice1 == 1)
branch  0 never executed
branch  1 never executed
        -:  724:  {
        -:  725:    //+2 cards
    #####:  726:    drawCard(currentPlayer, state);
call    0 never executed
    #####:  727:    drawCard(currentPlayer, state);
call    0 never executed
        -:  728:  }
    #####:  729:      else if (choice1 == 2)
branch  0 never executed
branch  1 never executed
        -:  730:  {
        -:  731:    //+2 coins
    #####:  732:    state->coins = state->coins + 2;
        -:  733:  }
        -:  734:      else
        -:  735:  {
        -:  736:    //trash 2 cards in hand
    #####:  737:    discardCard(choice2, currentPlayer, state, 1);
call    0 never executed
    #####:  738:    discardCard(choice3, currentPlayer, state, 1);
call    0 never executed
        -:  739:
        -:  740:          //discard card from hand
    #####:  741:    discardCard(handPos, currentPlayer, state, 0);          //bug introduced: only discards steward in 3rd choice
call    0 never executed
        -:  742:  }
        -:  743:      
        -:  744:
    #####:  745:  }
        -:  746:
function cardEffect called 13456 returned 100% blocks executed 5%
    13456:  747:int cardEffect(int card, int choice1, int choice2, int choice3, struct gameState *state, int handPos, int *bonus)
        -:  748:{
        -:  749:  int i;
        -:  750:  int j;
        -:  751:  int k;
        -:  752:  int x;
        -:  753:  int index;
    13456:  754:  int currentPlayer = whoseTurn(state);
call    0 returned 100%
    13456:  755:  int nextPlayer = currentPlayer + 1;
        -:  756:
    13456:  757:  int tributeRevealedCards[2] = {-1, -1};
        -:  758:  int temphand[MAX_HAND];// moved above the if statement
    13456:  759:  int drawntreasure=0;
        -:  760:  //int cardDrawn;
    13456:  761:  int z = 0;// this is the counter for the temp hand
    13456:  762:  if (nextPlayer > (state->numPlayers - 1)){
branch  0 taken 0% (fallthrough)
branch  1 taken 100%
    #####:  763:    nextPlayer = 0;
        -:  764:  }
        -:  765:  
        -:  766:	
        -:  767:  //uses switch to select card and perform actions
    13456:  768:  switch( card ) 
branch  0 taken 67%
branch  1 taken 4%
branch  2 taken 0%
branch  3 taken 0%
branch  4 taken 0%
branch  5 taken 0%
branch  6 taken 0%
branch  7 taken 0%
branch  8 taken 0%
branch  9 taken 29%
branch 10 taken 0%
branch 11 taken 0%
branch 12 taken 0%
branch 13 taken 0%
branch 14 taken 0%
branch 15 taken 0%
branch 16 taken 0%
branch 17 taken 0%
branch 18 taken 0%
branch 19 taken 0%
branch 20 taken 0%
        -:  769:    {
        -:  770:		
        -:  771:    case adventurer:
        -:  772:
     8992:  773:      adventurerCard(drawntreasure, currentPlayer, state, z, temphand);
call    0 returned 100%
     8992:  774:      return 0;
        -:  775:
        -:  776:    case council_room:
        -:  777:
      589:  778:      council_roomCard(currentPlayer, state, handPos);
call    0 returned 100%
      589:  779:      return 0;
        -:  780:
        -:  781:    case feast:
        -:  782:      //gain card with cost up to 5
        -:  783:      //Backup hand
    #####:  784:      for (i = 0; i <= state->handCount[currentPlayer]; i++){
branch  0 never executed
branch  1 never executed
    #####:  785:	temphand[i] = state->hand[currentPlayer][i];//Backup card
    #####:  786:	state->hand[currentPlayer][i] = -1;//Set to nothing
        -:  787:      }
        -:  788:      //Backup hand
        -:  789:
        -:  790:      //Update Coins for Buy
    #####:  791:      updateCoins(currentPlayer, state, 5);
call    0 never executed
    #####:  792:      x = 1;//Condition to loop on
    #####:  793:      while( x == 1) {//Buy one card
branch  0 never executed
branch  1 never executed
    #####:  794:	if (supplyCount(choice1, state) <= 0){
call    0 never executed
branch  1 never executed
branch  2 never executed
        -:  795:	  if (DEBUG)
        -:  796:	    printf("None of that card left, sorry!\n");
        -:  797:
        -:  798:	  if (DEBUG){
        -:  799:	    printf("Cards Left: %d\n", supplyCount(choice1, state));
        -:  800:	  }
        -:  801:	}
    #####:  802:	else if (state->coins < getCost(choice1)){
call    0 never executed
branch  1 never executed
branch  2 never executed
    #####:  803:	  printf("That card is too expensive!\n");
call    0 never executed
        -:  804:
        -:  805:	  if (DEBUG){
        -:  806:	    printf("Coins: %d < %d\n", state->coins, getCost(choice1));
        -:  807:	  }
        -:  808:	}
        -:  809:	else{
        -:  810:
        -:  811:	  if (DEBUG){
        -:  812:	    printf("Deck Count: %d\n", state->handCount[currentPlayer] + state->deckCount[currentPlayer] + state->discardCount[currentPlayer]);
        -:  813:	  }
        -:  814:
    #####:  815:	  gainCard(choice1, state, 0, currentPlayer);//Gain the card
call    0 never executed
    #####:  816:	  x = 0;//No more buying cards
        -:  817:
        -:  818:	  if (DEBUG){
        -:  819:	    printf("Deck Count: %d\n", state->handCount[currentPlayer] + state->deckCount[currentPlayer] + state->discardCount[currentPlayer]);
        -:  820:	  }
        -:  821:
        -:  822:	}
        -:  823:      }     
        -:  824:
        -:  825:      //Reset Hand
    #####:  826:      for (i = 0; i <= state->handCount[currentPlayer]; i++){
branch  0 never executed
branch  1 never executed
    #####:  827:	state->hand[currentPlayer][i] = temphand[i];
    #####:  828:	temphand[i] = -1;
        -:  829:      }
        -:  830:      //Reset Hand
        -:  831:      			
    #####:  832:      return 0;
        -:  833:			
        -:  834:    case gardens:
    #####:  835:      return -1;
        -:  836:			
        -:  837:    case mine:
    #####:  838:      j = state->hand[currentPlayer][choice1];  //store card we will trash
        -:  839:
    #####:  840:      if (state->hand[currentPlayer][choice1] < copper || state->hand[currentPlayer][choice1] > gold)
branch  0 never executed
branch  1 never executed
branch  2 never executed
branch  3 never executed
        -:  841:	{
    #####:  842:	  return -1;
        -:  843:	}
        -:  844:		
    #####:  845:      if (choice2 > treasure_map || choice2 < curse)
branch  0 never executed
branch  1 never executed
branch  2 never executed
branch  3 never executed
        -:  846:	{
    #####:  847:	  return -1;
        -:  848:	}
        -:  849:
    #####:  850:      if ( (getCost(state->hand[currentPlayer][choice1]) + 3) > getCost(choice2) )
call    0 never executed
call    1 never executed
branch  2 never executed
branch  3 never executed
        -:  851:	{
    #####:  852:	  return -1;
        -:  853:	}
        -:  854:
    #####:  855:      gainCard(choice2, state, 2, currentPlayer);
call    0 never executed
        -:  856:
        -:  857:      //discard card from hand
    #####:  858:      discardCard(handPos, currentPlayer, state, 0);
call    0 never executed
        -:  859:
        -:  860:      //discard trashed card
    #####:  861:      for (i = 0; i < state->handCount[currentPlayer]; i++)
branch  0 never executed
branch  1 never executed
        -:  862:	{
    #####:  863:	  if (state->hand[currentPlayer][i] == j)
branch  0 never executed
branch  1 never executed
        -:  864:	    {
    #####:  865:	      discardCard(i, currentPlayer, state, 0);			
call    0 never executed
    #####:  866:	      break;
        -:  867:	    }
        -:  868:	}
        -:  869:			
    #####:  870:      return 0;
        -:  871:			
        -:  872:    case remodel:
    #####:  873:      j = state->hand[currentPlayer][choice1];  //store card we will trash
        -:  874:
    #####:  875:      if ( (getCost(state->hand[currentPlayer][choice1]) + 2) > getCost(choice2) )
call    0 never executed
call    1 never executed
branch  2 never executed
branch  3 never executed
        -:  876:	{
    #####:  877:	  return -1;
        -:  878:	}
        -:  879:
    #####:  880:      gainCard(choice2, state, 0, currentPlayer);
call    0 never executed
        -:  881:
        -:  882:      //discard card from hand
    #####:  883:      discardCard(handPos, currentPlayer, state, 0);
call    0 never executed
        -:  884:
        -:  885:      //discard trashed card
    #####:  886:      for (i = 0; i < state->handCount[currentPlayer]; i++)
branch  0 never executed
branch  1 never executed
        -:  887:	{
    #####:  888:	  if (state->hand[currentPlayer][i] == j)
branch  0 never executed
branch  1 never executed
        -:  889:	    {
    #####:  890:	      discardCard(i, currentPlayer, state, 0);			
call    0 never executed
    #####:  891:	      break;
        -:  892:	    }
        -:  893:	}
        -:  894:
        -:  895:
    #####:  896:      return 0;
        -:  897:		
        -:  898:      case smithy:
        -:  899:
    #####:  900:        smithyCard(currentPlayer, state, handPos);
call    0 never executed
    #####:  901:        return 0;
        -:  902:
        -:  903:      case village:
        -:  904:
    #####:  905:        villageCard(currentPlayer, state, handPos);
call    0 never executed
    #####:  906:        return 0;
        -:  907:		
        -:  908:    case baron:
    #####:  909:      state->numBuys++;//Increase buys by 1!
    #####:  910:      if (choice1 > 0){//Boolean true or going to discard an estate
branch  0 never executed
branch  1 never executed
    #####:  911:	int p = 0;//Iterator for hand!
    #####:  912:	int card_not_discarded = 1;//Flag for discard set!
    #####:  913:	while(card_not_discarded){
branch  0 never executed
branch  1 never executed
    #####:  914:	  if (state->hand[currentPlayer][p] == estate){//Found an estate card!
branch  0 never executed
branch  1 never executed
    #####:  915:	    state->coins += 4;//Add 4 coins to the amount of coins
    #####:  916:	    state->discard[currentPlayer][state->discardCount[currentPlayer]] = state->hand[currentPlayer][p];
    #####:  917:	    state->discardCount[currentPlayer]++;
    #####:  918:	    for (;p < state->handCount[currentPlayer]; p++){
branch  0 never executed
branch  1 never executed
    #####:  919:	      state->hand[currentPlayer][p] = state->hand[currentPlayer][p+1];
        -:  920:	    }
    #####:  921:	    state->hand[currentPlayer][state->handCount[currentPlayer]] = -1;
    #####:  922:	    state->handCount[currentPlayer]--;
    #####:  923:	    card_not_discarded = 0;//Exit the loop
        -:  924:	  }
    #####:  925:	  else if (p > state->handCount[currentPlayer]){
branch  0 never executed
branch  1 never executed
        -:  926:	    if(DEBUG) {
        -:  927:	      printf("No estate cards in your hand, invalid choice\n");
        -:  928:	      printf("Must gain an estate if there are any\n");
        -:  929:	    }
    #####:  930:	    if (supplyCount(estate, state) > 0){
call    0 never executed
branch  1 never executed
branch  2 never executed
    #####:  931:	      gainCard(estate, state, 0, currentPlayer);
call    0 never executed
    #####:  932:	      state->supplyCount[estate]--;//Decrement estates
    #####:  933:	      if (supplyCount(estate, state) == 0){
call    0 never executed
branch  1 never executed
branch  2 never executed
    #####:  934:		isGameOver(state);
call    0 never executed
        -:  935:	      }
        -:  936:	    }
    #####:  937:	    card_not_discarded = 0;//Exit the loop
        -:  938:	  }
        -:  939:			    
        -:  940:	  else{
    #####:  941:	    p++;//Next card
        -:  942:	  }
        -:  943:	}
        -:  944:      }
        -:  945:			    
        -:  946:      else{
    #####:  947:	if (supplyCount(estate, state) > 0){
call    0 never executed
branch  1 never executed
branch  2 never executed
    #####:  948:	  gainCard(estate, state, 0, currentPlayer);//Gain an estate
call    0 never executed
    #####:  949:	  state->supplyCount[estate]--;//Decrement Estates
    #####:  950:	  if (supplyCount(estate, state) == 0){
call    0 never executed
branch  1 never executed
branch  2 never executed
    #####:  951:	    isGameOver(state);
call    0 never executed
        -:  952:	  }
        -:  953:	}
        -:  954:      }
        -:  955:	    
        -:  956:      
    #####:  957:      return 0;
        -:  958:		
        -:  959:    case great_hall:
        -:  960:      //+1 Card
     3875:  961:      drawCard(currentPlayer, state);
call    0 returned 100%
        -:  962:			
        -:  963:      //+1 Actions
     3875:  964:      state->numActions++;
        -:  965:			
        -:  966:      //discard card from hand
     3875:  967:      discardCard(handPos, currentPlayer, state, 0);
call    0 returned 100%
     3875:  968:      return 0;
        -:  969:		
        -:  970:    case minion:
        -:  971:      //+1 action
    #####:  972:      state->numActions++;
        -:  973:			
        -:  974:      //discard card from hand
    #####:  975:      discardCard(handPos, currentPlayer, state, 0);
call    0 never executed
        -:  976:			
    #####:  977:      if (choice1)		//+2 coins
branch  0 never executed
branch  1 never executed
        -:  978:	{
    #####:  979:	  state->coins = state->coins + 2;
        -:  980:	}
        -:  981:			
    #####:  982:      else if (choice2)		//discard hand, redraw 4, other players with 5+ cards discard hand and draw 4
branch  0 never executed
branch  1 never executed
        -:  983:	{
        -:  984:	  //discard hand
    #####:  985:	  while(numHandCards(state) > 0)
call    0 never executed
branch  1 never executed
branch  2 never executed
        -:  986:	    {
    #####:  987:	      discardCard(handPos, currentPlayer, state, 0);
call    0 never executed
        -:  988:	    }
        -:  989:				
        -:  990:	  //draw 4
    #####:  991:	  for (i = 0; i < 4; i++)
branch  0 never executed
branch  1 never executed
        -:  992:	    {
    #####:  993:	      drawCard(currentPlayer, state);
call    0 never executed
        -:  994:	    }
        -:  995:				
        -:  996:	  //other players discard hand and redraw if hand size > 4
    #####:  997:	  for (i = 0; i < state->numPlayers; i++)
branch  0 never executed
branch  1 never executed
        -:  998:	    {
    #####:  999:	      if (i != currentPlayer)
branch  0 never executed
branch  1 never executed
        -: 1000:		{
    #####: 1001:		  if ( state->handCount[i] > 4 )
branch  0 never executed
branch  1 never executed
        -: 1002:		    {
        -: 1003:		      //discard hand
    #####: 1004:		      while( state->handCount[i] > 0 )
branch  0 never executed
branch  1 never executed
        -: 1005:			{
    #####: 1006:			  discardCard(handPos, i, state, 0);
call    0 never executed
        -: 1007:			}
        -: 1008:							
        -: 1009:		      //draw 4
    #####: 1010:		      for (j = 0; j < 4; j++)
branch  0 never executed
branch  1 never executed
        -: 1011:			{
    #####: 1012:			  drawCard(i, state);
call    0 never executed
        -: 1013:			}
        -: 1014:		    }
        -: 1015:		}
        -: 1016:	    }
        -: 1017:				
        -: 1018:	}
    #####: 1019:      return 0;
        -: 1020:		
        -: 1021:    case steward:
        -: 1022:
    #####: 1023:      stewardCard(choice1, choice2, choice3, currentPlayer, state, handPos);
call    0 never executed
    #####: 1024:      return 0;
        -: 1025:		
        -: 1026:    case tribute:
    #####: 1027:      if ((state->discardCount[nextPlayer] + state->deckCount[nextPlayer]) <= 1){
branch  0 never executed
branch  1 never executed
    #####: 1028:	if (state->deckCount[nextPlayer] > 0){
branch  0 never executed
branch  1 never executed
    #####: 1029:	  tributeRevealedCards[0] = state->deck[nextPlayer][state->deckCount[nextPlayer]-1];
    #####: 1030:	  state->deckCount[nextPlayer]--;
        -: 1031:	}
    #####: 1032:	else if (state->discardCount[nextPlayer] > 0){
branch  0 never executed
branch  1 never executed
    #####: 1033:	  tributeRevealedCards[0] = state->discard[nextPlayer][state->discardCount[nextPlayer]-1];
    #####: 1034:	  state->discardCount[nextPlayer]--;
        -: 1035:	}
        -: 1036:	else{
        -: 1037:	  //No Card to Reveal
        -: 1038:	  if (DEBUG){
        -: 1039:	    printf("No cards to reveal\n");
        -: 1040:	  }
        -: 1041:	}
        -: 1042:      }
        -: 1043:	    
        -: 1044:      else{
    #####: 1045:	if (state->deckCount[nextPlayer] == 0){
branch  0 never executed
branch  1 never executed
    #####: 1046:	  for (i = 0; i < state->discardCount[nextPlayer]; i++){
branch  0 never executed
branch  1 never executed
    #####: 1047:	    state->deck[nextPlayer][i] = state->discard[nextPlayer][i];//Move to deck
    #####: 1048:	    state->deckCount[nextPlayer]++;
    #####: 1049:	    state->discard[nextPlayer][i] = -1;
    #####: 1050:	    state->discardCount[nextPlayer]--;
        -: 1051:	  }
        -: 1052:			    
    #####: 1053:	  shuffle(nextPlayer,state);//Shuffle the deck
call    0 never executed
        -: 1054:	} 
    #####: 1055:	tributeRevealedCards[0] = state->deck[nextPlayer][state->deckCount[nextPlayer]-1];
    #####: 1056:	state->deck[nextPlayer][state->deckCount[nextPlayer]--] = -1;
    #####: 1057:	state->deckCount[nextPlayer]--;
    #####: 1058:	tributeRevealedCards[1] = state->deck[nextPlayer][state->deckCount[nextPlayer]-1];
    #####: 1059:	state->deck[nextPlayer][state->deckCount[nextPlayer]--] = -1;
    #####: 1060:	state->deckCount[nextPlayer]--;
        -: 1061:      }    
        -: 1062:		       
    #####: 1063:      if (tributeRevealedCards[0] == tributeRevealedCards[1]){//If we have a duplicate card, just drop one 
branch  0 never executed
branch  1 never executed
    #####: 1064:	state->playedCards[state->playedCardCount] = tributeRevealedCards[1];
    #####: 1065:	state->playedCardCount++;
    #####: 1066:	tributeRevealedCards[1] = -1;
        -: 1067:      }
        -: 1068:
    #####: 1069:      for (i = 0; i <= 2; i ++){
branch  0 never executed
branch  1 never executed
    #####: 1070:	if (tributeRevealedCards[i] == copper || tributeRevealedCards[i] == silver || tributeRevealedCards[i] == gold){//Treasure cards
branch  0 never executed
branch  1 never executed
branch  2 never executed
branch  3 never executed
branch  4 never executed
branch  5 never executed
    #####: 1071:	  state->coins += 2;
        -: 1072:	}
        -: 1073:		    
    #####: 1074:	else if (tributeRevealedCards[i] == estate || tributeRevealedCards[i] == duchy || tributeRevealedCards[i] == province || tributeRevealedCards[i] == gardens || tributeRevealedCards[i] == great_hall){//Victory Card Found
branch  0 never executed
branch  1 never executed
branch  2 never executed
branch  3 never executed
branch  4 never executed
branch  5 never executed
branch  6 never executed
branch  7 never executed
branch  8 never executed
branch  9 never executed
    #####: 1075:	  drawCard(currentPlayer, state);
call    0 never executed
    #####: 1076:	  drawCard(currentPlayer, state);
call    0 never executed
        -: 1077:	}
        -: 1078:	else{//Action Card
    #####: 1079:	  state->numActions = state->numActions + 2;
        -: 1080:	}
        -: 1081:      }
        -: 1082:	    
    #####: 1083:      return 0;
        -: 1084:		
        -: 1085:    case ambassador:
    #####: 1086:      j = 0;		//used to check if player has enough cards to discard
        -: 1087:
    #####: 1088:      if (choice2 > 2 || choice2 < 0)
branch  0 never executed
branch  1 never executed
branch  2 never executed
branch  3 never executed
        -: 1089:	{
    #####: 1090:	  return -1;				
        -: 1091:	}
        -: 1092:
    #####: 1093:      if (choice1 == handPos)
branch  0 never executed
branch  1 never executed
        -: 1094:	{
    #####: 1095:	  return -1;
        -: 1096:	}
        -: 1097:
    #####: 1098:      for (i = 0; i < state->handCount[currentPlayer]; i++)
branch  0 never executed
branch  1 never executed
        -: 1099:	{
    #####: 1100:	  if (i != handPos && i == state->hand[currentPlayer][choice1] && i != choice1)
branch  0 never executed
branch  1 never executed
branch  2 never executed
branch  3 never executed
branch  4 never executed
branch  5 never executed
        -: 1101:	    {
    #####: 1102:	      j++;
        -: 1103:	    }
        -: 1104:	}
    #####: 1105:      if (j < choice2)
branch  0 never executed
branch  1 never executed
        -: 1106:	{
    #####: 1107:	  return -1;				
        -: 1108:	}
        -: 1109:
        -: 1110:      if (DEBUG) 
        -: 1111:	printf("Player %d reveals card number: %d\n", currentPlayer, state->hand[currentPlayer][choice1]);
        -: 1112:
        -: 1113:      //increase supply count for choosen card by amount being discarded
    #####: 1114:      state->supplyCount[state->hand[currentPlayer][choice1]] += choice2;
        -: 1115:			
        -: 1116:      //each other player gains a copy of revealed card
    #####: 1117:      for (i = 0; i < state->numPlayers; i++)
branch  0 never executed
branch  1 never executed
        -: 1118:	{
    #####: 1119:	  if (i != currentPlayer)
branch  0 never executed
branch  1 never executed
        -: 1120:	    {
    #####: 1121:	      gainCard(state->hand[currentPlayer][choice1], state, 0, i);
call    0 never executed
        -: 1122:	    }
        -: 1123:	}
        -: 1124:
        -: 1125:      //discard played card from hand
    #####: 1126:      discardCard(handPos, currentPlayer, state, 0);			
call    0 never executed
        -: 1127:
        -: 1128:      //trash copies of cards returned to supply
    #####: 1129:      for (j = 0; j < choice2; j++)
branch  0 never executed
branch  1 never executed
        -: 1130:	{
    #####: 1131:	  for (i = 0; i < state->handCount[currentPlayer]; i++)
branch  0 never executed
branch  1 never executed
        -: 1132:	    {
    #####: 1133:	      if (state->hand[currentPlayer][i] == state->hand[currentPlayer][choice1])
branch  0 never executed
branch  1 never executed
        -: 1134:		{
    #####: 1135:		  discardCard(i, currentPlayer, state, 1);
call    0 never executed
    #####: 1136:		  break;
        -: 1137:		}
        -: 1138:	    }
        -: 1139:	}			
        -: 1140:
    #####: 1141:      return 0;
        -: 1142:		
        -: 1143:    case cutpurse:
        -: 1144:
    #####: 1145:      updateCoins(currentPlayer, state, 2);
call    0 never executed
    #####: 1146:      for (i = 0; i < state->numPlayers; i++)
branch  0 never executed
branch  1 never executed
        -: 1147:	{
    #####: 1148:	  if (i != currentPlayer)
branch  0 never executed
branch  1 never executed
        -: 1149:	    {
    #####: 1150:	      for (j = 0; j < state->handCount[i]; j++)
branch  0 never executed
branch  1 never executed
        -: 1151:		{
    #####: 1152:		  if (state->hand[i][j] == copper)
branch  0 never executed
branch  1 never executed
        -: 1153:		    {
    #####: 1154:		      discardCard(j, i, state, 0);
call    0 never executed
    #####: 1155:		      break;
        -: 1156:		    }
    #####: 1157:		  if (j == state->handCount[i])
branch  0 never executed
branch  1 never executed
        -: 1158:		    {
    #####: 1159:		      for (k = 0; k < state->handCount[i]; k++)
branch  0 never executed
branch  1 never executed
        -: 1160:			{
        -: 1161:			  if (DEBUG)
        -: 1162:			    printf("Player %d reveals card number %d\n", i, state->hand[i][k]);
        -: 1163:			}	
    #####: 1164:		      break;
        -: 1165:		    }		
        -: 1166:		}
        -: 1167:					
        -: 1168:	    }
        -: 1169:				
        -: 1170:	}				
        -: 1171:
        -: 1172:      //discard played card from hand
    #####: 1173:      discardCard(handPos, currentPlayer, state, 0);			
call    0 never executed
        -: 1174:
    #####: 1175:      return 0;
        -: 1176:
        -: 1177:		
        -: 1178:    case embargo: 
        -: 1179:      //+2 Coins
    #####: 1180:      state->coins = state->coins + 2;
        -: 1181:			
        -: 1182:      //see if selected pile is in play
    #####: 1183:      if ( state->supplyCount[choice1] == -1 )
branch  0 never executed
branch  1 never executed
        -: 1184:	{
    #####: 1185:	  return -1;
        -: 1186:	}
        -: 1187:			
        -: 1188:      //add embargo token to selected supply pile
    #####: 1189:      state->embargoTokens[choice1]++;
        -: 1190:			
        -: 1191:      //trash card
    #####: 1192:      discardCard(handPos, currentPlayer, state, 1);		
call    0 never executed
    #####: 1193:      return 0;
        -: 1194:		
        -: 1195:    case outpost:
        -: 1196:      //set outpost flag
    #####: 1197:      state->outpostPlayed++;
        -: 1198:			
        -: 1199:      //discard card
    #####: 1200:      discardCard(handPos, currentPlayer, state, 0);
call    0 never executed
    #####: 1201:      return 0;
        -: 1202:		
        -: 1203:    case salvager:
        -: 1204:      //+1 buy
    #####: 1205:      state->numBuys++;
        -: 1206:			
    #####: 1207:      if (choice1)
branch  0 never executed
branch  1 never executed
        -: 1208:	{
        -: 1209:	  //gain coins equal to trashed card
    #####: 1210:	  state->coins = state->coins + getCost( handCard(choice1, state) );
call    0 never executed
call    1 never executed
        -: 1211:	  //trash card
    #####: 1212:	  discardCard(choice1, currentPlayer, state, 1);	
call    0 never executed
        -: 1213:	}
        -: 1214:			
        -: 1215:      //discard card
    #####: 1216:      discardCard(handPos, currentPlayer, state, 0);
call    0 never executed
    #####: 1217:      return 0;
        -: 1218:		
        -: 1219:    case sea_hag:
    #####: 1220:      for (i = 0; i < state->numPlayers; i++){
branch  0 never executed
branch  1 never executed
    #####: 1221:	if (i != currentPlayer){
branch  0 never executed
branch  1 never executed
    #####: 1222:	  state->discard[i][state->discardCount[i]] = state->deck[i][state->deckCount[i]--];			    state->deckCount[i]--;
    #####: 1223:	  state->discardCount[i]++;
    #####: 1224:	  state->deck[i][state->deckCount[i]--] = curse;//Top card now a curse
        -: 1225:	}
        -: 1226:      }
    #####: 1227:      return 0;
        -: 1228:		
        -: 1229:    case treasure_map:
        -: 1230:      //search hand for another treasure_map
    #####: 1231:      index = -1;
    #####: 1232:      for (i = 0; i < state->handCount[currentPlayer]; i++)
branch  0 never executed
branch  1 never executed
        -: 1233:	{
    #####: 1234:	  if (state->hand[currentPlayer][i] == treasure_map && i != handPos)
branch  0 never executed
branch  1 never executed
branch  2 never executed
branch  3 never executed
        -: 1235:	    {
    #####: 1236:	      index = i;
    #####: 1237:	      break;
        -: 1238:	    }
        -: 1239:	}
    #####: 1240:      if (index > -1)
branch  0 never executed
branch  1 never executed
        -: 1241:	{
        -: 1242:	  //trash both treasure cards
    #####: 1243:	  discardCard(handPos, currentPlayer, state, 1);
call    0 never executed
    #####: 1244:	  discardCard(index, currentPlayer, state, 1);
call    0 never executed
        -: 1245:
        -: 1246:	  //gain 4 Gold cards
    #####: 1247:	  for (i = 0; i < 4; i++)
branch  0 never executed
branch  1 never executed
        -: 1248:	    {
    #####: 1249:	      gainCard(gold, state, 1, currentPlayer);
call    0 never executed
        -: 1250:	    }
        -: 1251:				
        -: 1252:	  //return success
    #####: 1253:	  return 1;
        -: 1254:	}
        -: 1255:			
        -: 1256:      //no second treasure_map found in hand
    #####: 1257:      return -1;
        -: 1258:    }
        -: 1259:	
    #####: 1260:  return -1;
        -: 1261:}
        -: 1262:
function discardCard called 4464 returned 100% blocks executed 89%
     4464: 1263:int discardCard(int handPos, int currentPlayer, struct gameState *state, int trashFlag)
        -: 1264:{
        -: 1265:	
        -: 1266:  //if card is not trashed, added to Played pile 
     4464: 1267:  if (trashFlag < 1)
branch  0 taken 100% (fallthrough)
branch  1 taken 0%
        -: 1268:    {
        -: 1269:      //add card to played pile
     4464: 1270:      state->playedCards[state->playedCardCount] = state->hand[currentPlayer][handPos]; 
     4464: 1271:      state->playedCardCount++;
        -: 1272:    }
        -: 1273:	
        -: 1274:  //set played card to -1
     4464: 1275:  state->hand[currentPlayer][handPos] = -1;
        -: 1276:	
        -: 1277:  //remove card from player's hand
     4464: 1278:  if ( handPos == (state->handCount[currentPlayer] - 1) ) 	//last card in hand array is played
branch  0 taken 1% (fallthrough)
branch  1 taken 99%
        -: 1279:    {
        -: 1280:      //reduce number of cards in hand
       43: 1281:      state->handCount[currentPlayer]--;
        -: 1282:    }
     4421: 1283:  else if ( state->handCount[currentPlayer] == 1 ) //only one card in hand
branch  0 taken 0% (fallthrough)
branch  1 taken 100%
        -: 1284:    {
        -: 1285:      //reduce number of cards in hand
    #####: 1286:      state->handCount[currentPlayer]--;
        -: 1287:    }
        -: 1288:  else 	
        -: 1289:    {
        -: 1290:      //replace discarded card with last card in hand
     4421: 1291:      state->hand[currentPlayer][handPos] = state->hand[currentPlayer][ (state->handCount[currentPlayer] - 1)];
        -: 1292:      //set last card to -1
     4421: 1293:      state->hand[currentPlayer][state->handCount[currentPlayer] - 1] = -1;
        -: 1294:      //reduce number of cards in hand
     4421: 1295:      state->handCount[currentPlayer]--;
        -: 1296:    }
        -: 1297:	
     4464: 1298:  return 0;
        -: 1299:}
        -: 1300:
function gainCard called 287392 returned 100% blocks executed 80%
   287392: 1301:int gainCard(int supplyPos, struct gameState *state, int toFlag, int player)
        -: 1302:{
        -: 1303:  //Note: supplyPos is enum of choosen card
        -: 1304:	
        -: 1305:  //check if supply pile is empty (0) or card is not used in game (-1)
   287392: 1306:  if ( supplyCount(supplyPos, state) < 1 )
call    0 returned 100%
branch  1 taken 0% (fallthrough)
branch  2 taken 100%
        -: 1307:    {
    #####: 1308:      return -1;
        -: 1309:    }
        -: 1310:	
        -: 1311:  //added card for [whoseTurn] current player:
        -: 1312:  // toFlag = 0 : add to discard
        -: 1313:  // toFlag = 1 : add to deck
        -: 1314:  // toFlag = 2 : add to hand
        -: 1315:
   287392: 1316:  if (toFlag == 1)
branch  0 taken 0% (fallthrough)
branch  1 taken 100%
        -: 1317:    {
    #####: 1318:      state->deck[ player ][ state->deckCount[player] ] = supplyPos;
    #####: 1319:      state->deckCount[player]++;
        -: 1320:    }
   287392: 1321:  else if (toFlag == 2)
branch  0 taken 19% (fallthrough)
branch  1 taken 81%
        -: 1322:    {
    53517: 1323:      state->hand[ player ][ state->handCount[player] ] = supplyPos;
    53517: 1324:      state->handCount[player]++;
        -: 1325:    }
        -: 1326:  else
        -: 1327:    {
   233875: 1328:      state->discard[player][ state->discardCount[player] ] = supplyPos;
   233875: 1329:      state->discardCount[player]++;
        -: 1330:    }
        -: 1331:	
        -: 1332:  //decrease number in supply pile
   287392: 1333:  state->supplyCount[supplyPos]--;
        -: 1334:	 
   287392: 1335:  return 0;
        -: 1336:}
        -: 1337:
function updateCoins called 24197 returned 100% blocks executed 100%
    24197: 1338:int updateCoins(int player, struct gameState *state, int bonus)
        -: 1339:{
        -: 1340:  int i;
        -: 1341:	
        -: 1342:  //reset coin count
    24197: 1343:  state->coins = 0;
        -: 1344:
        -: 1345:  //add coins for each Treasure card in player's hand
   836368: 1346:  for (i = 0; i < state->handCount[player]; i++)
branch  0 taken 97%
branch  1 taken 3% (fallthrough)
        -: 1347:    {
   812171: 1348:      if (state->hand[player][i] == copper)
branch  0 taken 38% (fallthrough)
branch  1 taken 62%
        -: 1349:	{
   304951: 1350:	  state->coins += 1;
        -: 1351:	}
   507220: 1352:      else if (state->hand[player][i] == silver)
branch  0 taken 1% (fallthrough)
branch  1 taken 99%
        -: 1353:	{
      223: 1354:	  state->coins += 2;
        -: 1355:	}
   506997: 1356:      else if (state->hand[player][i] == gold)
branch  0 taken 1% (fallthrough)
branch  1 taken 99%
        -: 1357:	{
      198: 1358:	  state->coins += 3;
        -: 1359:	}	
        -: 1360:    }	
        -: 1361:
        -: 1362:  //add bonus
    24197: 1363:  state->coins += bonus;
        -: 1364:
    24197: 1365:  return 0;
        -: 1366:}
        -: 1367:
        -: 1368:
        -: 1369://end of dominion.c
        -: 1370:
